<?xml version="1.0" encoding="UTF-8"?>
<!-- Generated by org.testng.reporters.JUnitReportReporter -->
<testsuite hostname="TYSS-4F-003" name="com.flipkart.tests.LoginTest" tests="1" failures="0" timestamp="11 Aug 2017 12:39:33 GMT" time="1.013" errors="0">
  <testcase name="searchBasedOnMenu" time="1.013" classname="com.flipkart.tests.LoginTest"/>
</testsuite> <!-- com.flipkart.tests.LoginTest -->
